=== FLUTE Command Logger Started at 2025-04-13 13:26:21 ===

=== FLUTE Command Logger Started at 2025-04-13 13:27:52 ===
1744568899.631544 - ImageHandler.perform_fft() - args: ['[[[0. 0. 0. ... 0. 0. 0.]\n  [0. 1. 0. ... 0. 0. 0.]\n  [0. 0. 0. ... 0. 0. 0.]\n  ...\n  [0. 1. 0. ... 0. 0. 0.]\n  [0. 0. 0. ... 0. 0. 0.]\n  [0. 0. 0. ... 0. 0. 0.]]\n\n [[0. 0. 0. ... 0. 0. 0.]\n  [0. 0. 0. ... 0. 0. 0.]\n  [0. 0. 0. ... 0. 0. 0.]\n  ...\n  [0. 0. 0. ... 0. 0. 0.]\n  [0. 0. 0. ... 0. 0. 0.]\n  [0. 1. 0. ... 0. 0. 0.]]\n\n [[0. 0. 0. ... 0. 0. 0.]\n  [0. 0. 0. ... 0. 0. 0.]\n  [0. 0. 0. ... 0. 0. 0.]\n  ...\n  [0. 0. 0. ... 0. 0. 0.]\n  [0. 0. 0. ... 0. 0. 0.]\n  [0. 0. 0. ... 0. 0. 0.]]\n\n ...\n\n [[0. 0. 0. ... 0. 0. 0.]\n  [0. 0. 0. ... 0. 0. 0.]\n  [0. 0. 0. ... 0. 0. 0.]\n  ...\n  [0. 0. 0. ... 0. 0. 0.]\n  [0. 0. 0. ... 0. 0. 0.]\n  [0. 0. 0. ... 0. 0. 0.]]\n\n [[0. 0. 0. ... 0. 0. 0.]\n  [0. 0. 0. ... 0. 0. 0.]\n  [0. 0. 0. ... 0. 0. 0.]\n  ...\n  [0. 0. 0. ... 0. 0. 0.]\n  [0. 0. 0. ... 0. 0. 0.]\n  [0. 0. 0. ... 0. 0. 0.]]\n\n [[0. 0. 0. ... 0. 0. 0.]\n  [0. 0. 0. ... 0. 0. 0.]\n  [0. 0. 0. ... 0. 0. 0.]\n  ...\n  [0. 0. 1. ... 0. 0. 0.]\n  [0. 0. 0. ... 0. 0. 0.]\n  [0. 0. 0. ... 0. 0. 0.]]]'], kwargs: {}, result: (array([-0.07673068, -0.0721762 , -0.06475487, ..., -0.24908879,
       -0.16101993, -0.35480149]), array([0.18114249, 0.37506121, 0.47823589, ..., 0.14387863, 0.13362202,
       0.25760811]))
1744568900.27465 - ImageHandler.convolution() - args: ['0'], kwargs: {}, result: None
1744568900.402123 - ImageHandler.update_threshold() - args: ['0.0', '1000000.0'], kwargs: {}, result: None
1744568900.563416 - ImageHandler.update_angle_range() - args: ['0.0', '90.0'], kwargs: {}, result: None
1744568900.720026 - ImageHandler.update_circle_range() - args: ['0.0', '120.0'], kwargs: {}, result: None
1744568901.341035 - ImageHandler.save_data() - args: ['/Volumes/NX-01-A/FLIM_workflow_test_data_analysis/output/Dish_1_Post-Rapa/R1/FLUTE_output', 'all'], kwargs: {}, result: None
1744568902.694106 - ImageHandler.perform_fft() - args: ['[[[0. 0. 0. ... 0. 0. 0.]\n  [0. 0. 0. ... 0. 0. 0.]\n  [0. 0. 0. ... 0. 0. 0.]\n  ...\n  [0. 0. 0. ... 0. 0. 0.]\n  [0. 0. 0. ... 0. 0. 0.]\n  [0. 0. 0. ... 0. 0. 0.]]\n\n [[0. 0. 0. ... 0. 0. 0.]\n  [0. 0. 0. ... 0. 0. 0.]\n  [0. 0. 0. ... 0. 0. 0.]\n  ...\n  [0. 0. 0. ... 0. 0. 0.]\n  [0. 0. 0. ... 0. 0. 0.]\n  [0. 0. 0. ... 0. 0. 0.]]\n\n [[0. 0. 0. ... 0. 0. 0.]\n  [0. 0. 0. ... 0. 0. 0.]\n  [0. 0. 0. ... 0. 0. 0.]\n  ...\n  [0. 0. 0. ... 0. 0. 0.]\n  [0. 1. 0. ... 0. 0. 0.]\n  [0. 0. 0. ... 0. 0. 0.]]\n\n ...\n\n [[0. 0. 1. ... 0. 0. 0.]\n  [0. 0. 0. ... 0. 0. 0.]\n  [0. 0. 0. ... 0. 0. 0.]\n  ...\n  [0. 0. 0. ... 0. 0. 0.]\n  [0. 0. 0. ... 0. 0. 0.]\n  [0. 0. 0. ... 0. 0. 0.]]\n\n [[0. 0. 0. ... 0. 0. 0.]\n  [0. 0. 0. ... 0. 0. 0.]\n  [0. 0. 0. ... 0. 0. 0.]\n  ...\n  [0. 0. 0. ... 0. 0. 0.]\n  [0. 0. 0. ... 0. 0. 0.]\n  [0. 0. 0. ... 0. 0. 0.]]\n\n [[0. 0. 0. ... 0. 0. 0.]\n  [0. 0. 0. ... 0. 0. 0.]\n  [0. 0. 0. ... 0. 0. 0.]\n  ...\n  [0. 0. 0. ... 0. 0. 0.]\n  [0. 0. 0. ... 0. 0. 0.]\n  [0. 0. 0. ... 0. 0. 0.]]]'], kwargs: {}, result: (array([-0.09459581, -0.11594695, -0.20745859, ...,  0.6104742 ,
        0.46534498,  0.82892721]), array([0.19854056, 0.16405236, 0.27830651, ..., 0.78999042, 0.7981787 ,
       0.41650189]))
1744568903.169441 - ImageHandler.convolution() - args: ['0'], kwargs: {}, result: None
1744568903.288247 - ImageHandler.update_threshold() - args: ['0.0', '1000000.0'], kwargs: {}, result: None
1744568903.437042 - ImageHandler.update_angle_range() - args: ['0.0', '90.0'], kwargs: {}, result: None
1744568903.582127 - ImageHandler.update_circle_range() - args: ['0.0', '120.0'], kwargs: {}, result: None
1744568904.1868842 - ImageHandler.save_data() - args: ['/Volumes/NX-01-A/FLIM_workflow_test_data_analysis/output/Dish_1_Post-Rapa/R1/FLUTE_output', 'all'], kwargs: {}, result: None
1744568905.504799 - ImageHandler.perform_fft() - args: ['[[[0. 0. 0. ... 0. 1. 0.]\n  [0. 0. 0. ... 0. 0. 0.]\n  [0. 0. 0. ... 0. 1. 0.]\n  ...\n  [0. 0. 0. ... 0. 0. 0.]\n  [0. 0. 0. ... 0. 0. 0.]\n  [0. 0. 0. ... 0. 0. 0.]]\n\n [[0. 0. 0. ... 0. 0. 0.]\n  [0. 0. 0. ... 0. 0. 0.]\n  [0. 0. 0. ... 0. 0. 0.]\n  ...\n  [0. 0. 0. ... 0. 0. 0.]\n  [0. 0. 0. ... 0. 0. 0.]\n  [0. 0. 0. ... 0. 0. 0.]]\n\n [[0. 1. 0. ... 0. 0. 0.]\n  [0. 0. 0. ... 0. 0. 0.]\n  [0. 0. 0. ... 0. 0. 0.]\n  ...\n  [0. 0. 0. ... 0. 0. 0.]\n  [0. 0. 0. ... 1. 0. 0.]\n  [0. 0. 0. ... 0. 0. 0.]]\n\n ...\n\n [[0. 0. 0. ... 0. 0. 0.]\n  [0. 0. 0. ... 0. 0. 0.]\n  [0. 0. 0. ... 0. 0. 0.]\n  ...\n  [0. 0. 0. ... 0. 0. 0.]\n  [0. 0. 0. ... 0. 0. 0.]\n  [0. 0. 0. ... 0. 0. 0.]]\n\n [[0. 0. 0. ... 0. 0. 0.]\n  [1. 0. 0. ... 0. 0. 0.]\n  [0. 0. 0. ... 0. 0. 0.]\n  ...\n  [0. 0. 0. ... 0. 0. 0.]\n  [0. 0. 0. ... 0. 0. 0.]\n  [0. 0. 0. ... 0. 0. 0.]]\n\n [[0. 0. 0. ... 1. 1. 0.]\n  [0. 0. 0. ... 1. 0. 0.]\n  [0. 0. 0. ... 0. 0. 0.]\n  ...\n  [0. 0. 0. ... 0. 0. 0.]\n  [0. 0. 0. ... 0. 0. 0.]\n  [0. 0. 0. ... 0. 0. 0.]]]'], kwargs: {}, result: (array([-0.01507234, -0.12810537, -0.32912116, ..., -0.12875058,
       -0.27095508,  0.12280547]), array([0.28350434, 0.39501769, 0.33769137, ..., 0.43767045, 0.12177111,
       0.45702299]))
1744568905.967051 - ImageHandler.convolution() - args: ['0'], kwargs: {}, result: None
1744568906.094038 - ImageHandler.update_threshold() - args: ['0.0', '1000000.0'], kwargs: {}, result: None
1744568906.255342 - ImageHandler.update_angle_range() - args: ['0.0', '90.0'], kwargs: {}, result: None
1744568906.4011898 - ImageHandler.update_circle_range() - args: ['0.0', '120.0'], kwargs: {}, result: None
1744568907.010806 - ImageHandler.save_data() - args: ['/Volumes/NX-01-A/FLIM_workflow_test_data_analysis/output/Dish_1_Post-Rapa/R1/FLUTE_output', 'all'], kwargs: {}, result: None
1744568908.433768 - ImageHandler.perform_fft() - args: ['[[[0. 0. 0. ... 0. 0. 0.]\n  [0. 0. 0. ... 0. 0. 0.]\n  [0. 0. 0. ... 0. 0. 0.]\n  ...\n  [0. 0. 0. ... 0. 0. 0.]\n  [0. 0. 0. ... 1. 0. 2.]\n  [0. 0. 0. ... 0. 0. 1.]]\n\n [[0. 0. 0. ... 0. 0. 0.]\n  [0. 0. 0. ... 0. 0. 0.]\n  [0. 0. 0. ... 0. 0. 0.]\n  ...\n  [0. 0. 0. ... 0. 0. 1.]\n  [0. 0. 0. ... 0. 0. 0.]\n  [0. 0. 0. ... 0. 0. 0.]]\n\n [[0. 0. 0. ... 0. 0. 0.]\n  [0. 0. 0. ... 0. 0. 0.]\n  [0. 0. 0. ... 0. 0. 0.]\n  ...\n  [0. 0. 1. ... 1. 0. 0.]\n  [0. 0. 0. ... 0. 1. 0.]\n  [0. 0. 0. ... 0. 0. 0.]]\n\n ...\n\n [[0. 0. 1. ... 0. 0. 0.]\n  [0. 0. 0. ... 0. 0. 0.]\n  [0. 0. 0. ... 0. 0. 0.]\n  ...\n  [0. 0. 0. ... 0. 0. 0.]\n  [0. 0. 0. ... 0. 0. 0.]\n  [0. 0. 0. ... 0. 1. 0.]]\n\n [[0. 0. 0. ... 0. 0. 0.]\n  [0. 0. 0. ... 0. 0. 0.]\n  [0. 0. 0. ... 0. 0. 0.]\n  ...\n  [0. 0. 0. ... 0. 0. 0.]\n  [0. 0. 0. ... 0. 0. 0.]\n  [0. 0. 0. ... 0. 1. 0.]]\n\n [[0. 0. 0. ... 0. 0. 0.]\n  [0. 0. 0. ... 0. 0. 0.]\n  [0. 0. 0. ... 0. 0. 0.]\n  ...\n  [0. 0. 0. ... 0. 0. 0.]\n  [0. 0. 0. ... 0. 0. 1.]\n  [0. 0. 0. ... 0. 0. 0.]]]'], kwargs: {}, result: (array([ 0.05840008,  0.12767844, -0.10192916, ..., -0.05419999,
       -0.20134089, -0.09100988]), array([0.14396074, 0.27888988, 0.11150726, ..., 0.24094329, 0.26117551,
       0.29983421]))
1744568908.882431 - ImageHandler.convolution() - args: ['0'], kwargs: {}, result: None
1744568909.018972 - ImageHandler.update_threshold() - args: ['0.0', '1000000.0'], kwargs: {}, result: None
1744568909.185782 - ImageHandler.update_angle_range() - args: ['0.0', '90.0'], kwargs: {}, result: None
1744568909.3264792 - ImageHandler.update_circle_range() - args: ['0.0', '120.0'], kwargs: {}, result: None
1744568909.898338 - ImageHandler.save_data() - args: ['/Volumes/NX-01-A/FLIM_workflow_test_data_analysis/output/Dish_1_Post-Rapa/R1/FLUTE_output', 'all'], kwargs: {}, result: None
